<?xml version="1.0" encoding="UTF-8"?>
<!-- Generated by org.testng.reporters.JUnitReportReporter -->
<testsuite hostname="IN2447374W2" failures="0" tests="2" name="testcases.SearchTest" time="0.008" errors="0" timestamp="2024-01-23T21:07:42 IST" skipped="0">
  <testcase classname="testcases.SearchTest" name="test5" time="0.002"/>
  <testcase classname="testcases.SearchTest" name="test4" time="0.006"/>
</testsuite> <!-- testcases.SearchTest -->
