<?xml version="1.0" encoding="UTF-8"?>
<!-- Generated by org.testng.reporters.JUnitReportReporter -->
<testsuite hostname="IN2447374W2" failures="0" tests="4" name="testcases.RegisterTest" time="64.126" errors="0" timestamp="2024-02-05T10:04:27 IST" skipped="0">
  <testcase classname="testcases.RegisterTest" name="registerWithAllTheMandatoryFields" time="16.467"/>
  <testcase classname="testcases.RegisterTest" name="registerWithAllMandatoryFieldsAlongWithNewsLetterSubscriptionAsYes" time="15.664"/>
  <testcase classname="testcases.RegisterTest" name="registerAccountWithAllFieldsButNotSelectingPrivacyPolicy" time="15.394"/>
  <testcase classname="testcases.RegisterTest" name="registerAccountWithoutEnteringAnyFields" time="16.601"/>
</testsuite> <!-- testcases.RegisterTest -->
