<?xml version="1.0" encoding="UTF-8"?>
<!-- Generated by org.testng.reporters.JUnitReportReporter -->
<testsuite hostname="IN2447374W2" failures="0" tests="1" name="base.Base" time="0.014" errors="0" timestamp="2024-01-31T19:32:48 IST" skipped="0">
  <testcase classname="base.Base" name="readDataFromPropFile" time="0.014"/>
</testsuite> <!-- base.Base -->
